NUM_EPOCHS = 40
TRAIN_SET_SIZE = 100000
Cover type
Deep
Test set - 20% of the size of TRAIN_SET_SIZE

/Users/oricohen/PycharmProjects/aadam/venv/bin/python "/Applications/PyCharm CE.app/Contents/plugins/python-ce/helpers/pydev/pydevd.py" --multiproc --qt-support=auto --client 127.0.0.1 --port 49280 --file /Users/oricohen/PycharmProjects/aadam/test.py
Connected to pydev debugger (build 211.7628.24)
Backend MacOSX is interactive backend. Turning interactive mode on.
Iteration 1, loss = 0.65321600
/Users/oricohen/PycharmProjects/aadam/venv/lib/python3.8/site-packages/scikit_learn-1.2.1-py3.8-macosx-10.12-x86_64.egg/sklearn/neural_network/_multilayer_perceptron.py:702: ConvergenceWarning: Stochastic Optimizer: Maximum iterations (1) reached and the optimization hasn't converged yet.
  warnings.warn(
Model Adam Epoch: #1 Test accuracy: 0.75075
Iteration 2, loss = 0.53371052
Model Adam Epoch: #2 Test accuracy: 0.78375
Iteration 3, loss = 0.48044210
Model Adam Epoch: #3 Test accuracy: 0.8044
Iteration 4, loss = 0.44248879
Model Adam Epoch: #4 Test accuracy: 0.8158
Iteration 5, loss = 0.41368773
Model Adam Epoch: #5 Test accuracy: 0.8304
Iteration 6, loss = 0.38978602
Model Adam Epoch: #6 Test accuracy: 0.8355
Iteration 7, loss = 0.37073041
Model Adam Epoch: #7 Test accuracy: 0.8411
Iteration 8, loss = 0.35397059
Model Adam Epoch: #8 Test accuracy: 0.8476
Iteration 9, loss = 0.33856169
Model Adam Epoch: #9 Test accuracy: 0.85955
Iteration 10, loss = 0.32577449
Model Adam Epoch: #10 Test accuracy: 0.8605
Iteration 11, loss = 0.31396366
Model Adam Epoch: #11 Test accuracy: 0.8668
Iteration 12, loss = 0.30294964
Model Adam Epoch: #12 Test accuracy: 0.86905
Iteration 13, loss = 0.29342375
Model Adam Epoch: #13 Test accuracy: 0.8724
Iteration 14, loss = 0.28396239
Model Adam Epoch: #14 Test accuracy: 0.867
Iteration 15, loss = 0.27712075
Model Adam Epoch: #15 Test accuracy: 0.87165
Iteration 16, loss = 0.27065616
Model Adam Epoch: #16 Test accuracy: 0.87165
Iteration 17, loss = 0.26373425
Model Adam Epoch: #17 Test accuracy: 0.87705
Iteration 18, loss = 0.25816915
Model Adam Epoch: #18 Test accuracy: 0.8768
Iteration 19, loss = 0.25304306
Model Adam Epoch: #19 Test accuracy: 0.8722
Iteration 20, loss = 0.24696882
Model Adam Epoch: #20 Test accuracy: 0.8769
Iteration 21, loss = 0.24248977
Model Adam Epoch: #21 Test accuracy: 0.87965
Iteration 22, loss = 0.23749482
Model Adam Epoch: #22 Test accuracy: 0.8813
Iteration 23, loss = 0.23323461
Model Adam Epoch: #23 Test accuracy: 0.8821
Iteration 24, loss = 0.23006788
Model Adam Epoch: #24 Test accuracy: 0.8826
Iteration 25, loss = 0.22591279
Model Adam Epoch: #25 Test accuracy: 0.88295
Iteration 26, loss = 0.22297772
Model Adam Epoch: #26 Test accuracy: 0.88365
Iteration 27, loss = 0.21709600
Model Adam Epoch: #27 Test accuracy: 0.8827
Iteration 28, loss = 0.21493976
Model Adam Epoch: #28 Test accuracy: 0.88
Iteration 29, loss = 0.21202014
Model Adam Epoch: #29 Test accuracy: 0.88555
Iteration 30, loss = 0.20858550
Model Adam Epoch: #30 Test accuracy: 0.8876
Iteration 31, loss = 0.20478958
Model Adam Epoch: #31 Test accuracy: 0.8911
Iteration 32, loss = 0.20306272
Model Adam Epoch: #32 Test accuracy: 0.8892
Iteration 33, loss = 0.20102810
Model Adam Epoch: #33 Test accuracy: 0.8928
Iteration 34, loss = 0.19691067
Model Adam Epoch: #34 Test accuracy: 0.89365
Iteration 35, loss = 0.19484184
Model Adam Epoch: #35 Test accuracy: 0.88995
Iteration 36, loss = 0.19350735
Model Adam Epoch: #36 Test accuracy: 0.8877
Iteration 37, loss = 0.19096311
Model Adam Epoch: #37 Test accuracy: 0.8923
Iteration 38, loss = 0.18775588
Model Adam Epoch: #38 Test accuracy: 0.89395
Iteration 39, loss = 0.18829752
Model Adam Epoch: #39 Test accuracy: 0.89465
Iteration 40, loss = 0.18619032
Model Adam Epoch: #40 Test accuracy: 0.89585
Iteration 1, loss = 0.66238359
/Users/oricohen/PycharmProjects/aadam/venv/lib/python3.8/site-packages/scikit_learn-1.2.1-py3.8-macosx-10.12-x86_64.egg/sklearn/neural_network/_multilayer_perceptron.py:702: ConvergenceWarning: Stochastic Optimizer: Maximum iterations (1) reached and the optimization hasn't converged yet.
  warnings.warn(
Model Aadam Epoch: #1 Test accuracy: 0.7467
Iteration 2, loss = 0.53711720
Model Aadam Epoch: #2 Test accuracy: 0.77775
Iteration 3, loss = 0.48859945
Model Aadam Epoch: #3 Test accuracy: 0.7977
Iteration 4, loss = 0.45034749
Model Aadam Epoch: #4 Test accuracy: 0.8109
Iteration 5, loss = 0.42054615
Model Aadam Epoch: #5 Test accuracy: 0.82445
Iteration 6, loss = 0.39349906
Model Aadam Epoch: #6 Test accuracy: 0.8337
Iteration 7, loss = 0.37127010
Model Aadam Epoch: #7 Test accuracy: 0.84
Iteration 8, loss = 0.35320157
Model Aadam Epoch: #8 Test accuracy: 0.84685
Iteration 9, loss = 0.33690190
Model Aadam Epoch: #9 Test accuracy: 0.85355
Iteration 10, loss = 0.32352607
Model Aadam Epoch: #10 Test accuracy: 0.85885
Iteration 11, loss = 0.31140906
Model Aadam Epoch: #11 Test accuracy: 0.86315
Iteration 12, loss = 0.30040083
Model Aadam Epoch: #12 Test accuracy: 0.8678
Iteration 13, loss = 0.29029846
Model Aadam Epoch: #13 Test accuracy: 0.8704
Iteration 14, loss = 0.28125901
Model Aadam Epoch: #14 Test accuracy: 0.8725
Iteration 15, loss = 0.27262691
Model Aadam Epoch: #15 Test accuracy: 0.87175
Iteration 16, loss = 0.26425614
Model Aadam Epoch: #16 Test accuracy: 0.875
Iteration 17, loss = 0.25849473
Model Aadam Epoch: #17 Test accuracy: 0.87585
Iteration 18, loss = 0.25088879
Model Aadam Epoch: #18 Test accuracy: 0.8827
Iteration 19, loss = 0.24455456
Model Aadam Epoch: #19 Test accuracy: 0.8859
Iteration 20, loss = 0.23946102
Model Aadam Epoch: #20 Test accuracy: 0.88515
Iteration 21, loss = 0.23465362
Model Aadam Epoch: #21 Test accuracy: 0.8854
Iteration 22, loss = 0.22937294
Model Aadam Epoch: #22 Test accuracy: 0.8881
Iteration 23, loss = 0.22571227
Model Aadam Epoch: #23 Test accuracy: 0.88875
Iteration 24, loss = 0.22133548
Model Aadam Epoch: #24 Test accuracy: 0.8897
Iteration 25, loss = 0.21672048
Model Aadam Epoch: #25 Test accuracy: 0.89025
Iteration 26, loss = 0.21397221
Model Aadam Epoch: #26 Test accuracy: 0.89105
Iteration 27, loss = 0.21090994
Model Aadam Epoch: #27 Test accuracy: 0.89235
Iteration 28, loss = 0.20614598
Model Aadam Epoch: #28 Test accuracy: 0.894
Iteration 29, loss = 0.20308044
Model Aadam Epoch: #29 Test accuracy: 0.89235
Iteration 30, loss = 0.19859540
Model Aadam Epoch: #30 Test accuracy: 0.895
Iteration 31, loss = 0.19682303
Model Aadam Epoch: #31 Test accuracy: 0.8955
Iteration 32, loss = 0.19416125
Model Aadam Epoch: #32 Test accuracy: 0.89475
Iteration 33, loss = 0.19252858
Model Aadam Epoch: #33 Test accuracy: 0.8962
Iteration 34, loss = 0.18762639
Model Aadam Epoch: #34 Test accuracy: 0.8938
Iteration 35, loss = 0.18725075
Model Aadam Epoch: #35 Test accuracy: 0.8971
Iteration 36, loss = 0.18619497
Model Aadam Epoch: #36 Test accuracy: 0.898
Iteration 37, loss = 0.18018743
Model Aadam Epoch: #37 Test accuracy: 0.89945
Iteration 38, loss = 0.17993234
Model Aadam Epoch: #38 Test accuracy: 0.8983
Iteration 39, loss = 0.17658521
Model Aadam Epoch: #39 Test accuracy: 0.8982
Iteration 40, loss = 0.17532813
Model Aadam Epoch: #40 Test accuracy: 0.8981
Iteration 1, loss = 0.65321600
/Users/oricohen/PycharmProjects/aadam/venv/lib/python3.8/site-packages/scikit_learn-1.2.1-py3.8-macosx-10.12-x86_64.egg/sklearn/neural_network/_multilayer_perceptron.py:702: ConvergenceWarning: Stochastic Optimizer: Maximum iterations (1) reached and the optimization hasn't converged yet.
  warnings.warn(
Model AdamW Epoch: #1 Test accuracy: 0.75075
Iteration 2, loss = 0.53371052
Model AdamW Epoch: #2 Test accuracy: 0.78375
Iteration 3, loss = 0.48044210
Model AdamW Epoch: #3 Test accuracy: 0.8044
Iteration 4, loss = 0.44248879
Model AdamW Epoch: #4 Test accuracy: 0.8158
Iteration 5, loss = 0.41368773
Model AdamW Epoch: #5 Test accuracy: 0.8304
Iteration 6, loss = 0.38978602
Model AdamW Epoch: #6 Test accuracy: 0.8355
Iteration 7, loss = 0.37073041
Model AdamW Epoch: #7 Test accuracy: 0.8411
Iteration 8, loss = 0.35397059
Model AdamW Epoch: #8 Test accuracy: 0.8476
Iteration 9, loss = 0.33856169
Model AdamW Epoch: #9 Test accuracy: 0.85955
Iteration 10, loss = 0.32577449
Model AdamW Epoch: #10 Test accuracy: 0.8605
Iteration 11, loss = 0.31396436
Model AdamW Epoch: #11 Test accuracy: 0.86655
Iteration 12, loss = 0.30303817
Model AdamW Epoch: #12 Test accuracy: 0.8659
Iteration 13, loss = 0.29265807
Model AdamW Epoch: #13 Test accuracy: 0.86745
Iteration 14, loss = 0.28518477
Model AdamW Epoch: #14 Test accuracy: 0.8678
Iteration 15, loss = 0.27754268
Model AdamW Epoch: #15 Test accuracy: 0.87145
Iteration 16, loss = 0.26939053
Model AdamW Epoch: #16 Test accuracy: 0.87145
Iteration 17, loss = 0.26314470
Model AdamW Epoch: #17 Test accuracy: 0.8722
Iteration 18, loss = 0.25605155
Model AdamW Epoch: #18 Test accuracy: 0.87365
Iteration 19, loss = 0.25096069
Model AdamW Epoch: #19 Test accuracy: 0.87085
Iteration 20, loss = 0.24564527
Model AdamW Epoch: #20 Test accuracy: 0.8749
Iteration 21, loss = 0.23945802
Model AdamW Epoch: #21 Test accuracy: 0.87375
Iteration 22, loss = 0.23644107
Model AdamW Epoch: #22 Test accuracy: 0.8797
Iteration 23, loss = 0.23096247
Model AdamW Epoch: #23 Test accuracy: 0.87755
Iteration 24, loss = 0.22726229
Model AdamW Epoch: #24 Test accuracy: 0.8808
Iteration 25, loss = 0.22446351
Model AdamW Epoch: #25 Test accuracy: 0.87915
Iteration 26, loss = 0.22070423
Model AdamW Epoch: #26 Test accuracy: 0.8813
Iteration 27, loss = 0.21561663
Model AdamW Epoch: #27 Test accuracy: 0.8839
Iteration 28, loss = 0.21138735
Model AdamW Epoch: #28 Test accuracy: 0.88905
Iteration 29, loss = 0.20936165
Model AdamW Epoch: #29 Test accuracy: 0.88385
Iteration 30, loss = 0.20672054
Model AdamW Epoch: #30 Test accuracy: 0.8857
Iteration 31, loss = 0.20378607
Model AdamW Epoch: #31 Test accuracy: 0.891
Iteration 32, loss = 0.20085182
Model AdamW Epoch: #32 Test accuracy: 0.8934
Iteration 33, loss = 0.19875843
Model AdamW Epoch: #33 Test accuracy: 0.8914
Iteration 34, loss = 0.19496555
Model AdamW Epoch: #34 Test accuracy: 0.8911
Iteration 35, loss = 0.19179867
Model AdamW Epoch: #35 Test accuracy: 0.89595
Iteration 36, loss = 0.19228187
Model AdamW Epoch: #36 Test accuracy: 0.8975
Iteration 37, loss = 0.18991530
Model AdamW Epoch: #37 Test accuracy: 0.89415
Iteration 38, loss = 0.18742231
Model AdamW Epoch: #38 Test accuracy: 0.89515
Iteration 39, loss = 0.18678666
Model AdamW Epoch: #39 Test accuracy: 0.89825
Iteration 40, loss = 0.18291506
Model AdamW Epoch: #40 Test accuracy: 0.89605
Iteration 1, loss = 1.08218691
/Users/oricohen/PycharmProjects/aadam/venv/lib/python3.8/site-packages/scikit_learn-1.2.1-py3.8-macosx-10.12-x86_64.egg/sklearn/neural_network/_multilayer_perceptron.py:702: ConvergenceWarning: Stochastic Optimizer: Maximum iterations (1) reached and the optimization hasn't converged yet.
  warnings.warn(
Model SGD Epoch: #1 Test accuracy: 0.7001
Iteration 2, loss = 0.70894543
Model SGD Epoch: #2 Test accuracy: 0.73525
Iteration 3, loss = 0.64971143
Model SGD Epoch: #3 Test accuracy: 0.74585
Iteration 4, loss = 0.62099520
Model SGD Epoch: #4 Test accuracy: 0.75225
Iteration 5, loss = 0.59944539
Model SGD Epoch: #5 Test accuracy: 0.75945
Iteration 6, loss = 0.58129585
Model SGD Epoch: #6 Test accuracy: 0.7635
Iteration 7, loss = 0.56517361
Model SGD Epoch: #7 Test accuracy: 0.767
Iteration 8, loss = 0.55035883
Model SGD Epoch: #8 Test accuracy: 0.76945
Iteration 9, loss = 0.53645783
Model SGD Epoch: #9 Test accuracy: 0.77065
Iteration 10, loss = 0.52339610
Model SGD Epoch: #10 Test accuracy: 0.77185
Iteration 11, loss = 0.51089203
Model SGD Epoch: #11 Test accuracy: 0.77035
Iteration 12, loss = 0.49922089
Model SGD Epoch: #12 Test accuracy: 0.76635
Iteration 13, loss = 0.48859916
Model SGD Epoch: #13 Test accuracy: 0.7652
Iteration 14, loss = 0.47914579
Model SGD Epoch: #14 Test accuracy: 0.7644
Iteration 15, loss = 0.47025890
Model SGD Epoch: #15 Test accuracy: 0.76325
Iteration 16, loss = 0.46238726
Model SGD Epoch: #16 Test accuracy: 0.764
Iteration 17, loss = 0.45501760
Model SGD Epoch: #17 Test accuracy: 0.7623
Iteration 18, loss = 0.44794691
Model SGD Epoch: #18 Test accuracy: 0.7627
Iteration 19, loss = 0.44096640
Model SGD Epoch: #19 Test accuracy: 0.76885
Iteration 20, loss = 0.43484856
Model SGD Epoch: #20 Test accuracy: 0.772
Iteration 21, loss = 0.42875394
Model SGD Epoch: #21 Test accuracy: 0.775
Iteration 22, loss = 0.42278004
Model SGD Epoch: #22 Test accuracy: 0.78005
Iteration 23, loss = 0.41726183
Model SGD Epoch: #23 Test accuracy: 0.7737
Iteration 24, loss = 0.41239658
Model SGD Epoch: #24 Test accuracy: 0.77805
Iteration 25, loss = 0.40750863
Model SGD Epoch: #25 Test accuracy: 0.7864
Iteration 26, loss = 0.40260821
Model SGD Epoch: #26 Test accuracy: 0.78955
Iteration 27, loss = 0.39824734
Model SGD Epoch: #27 Test accuracy: 0.79335
Iteration 28, loss = 0.39384777
Model SGD Epoch: #28 Test accuracy: 0.79655
Iteration 29, loss = 0.38970436
Model SGD Epoch: #29 Test accuracy: 0.7978
Iteration 30, loss = 0.38564939
Model SGD Epoch: #30 Test accuracy: 0.8001
Iteration 31, loss = 0.38134932
Model SGD Epoch: #31 Test accuracy: 0.801
Iteration 32, loss = 0.37754615
Model SGD Epoch: #32 Test accuracy: 0.80475
Iteration 33, loss = 0.37359360
Model SGD Epoch: #33 Test accuracy: 0.80905
Iteration 34, loss = 0.36993881
Model SGD Epoch: #34 Test accuracy: 0.8073
Iteration 35, loss = 0.36630443
Model SGD Epoch: #35 Test accuracy: 0.81445
Iteration 36, loss = 0.36285019
Model SGD Epoch: #36 Test accuracy: 0.813
Iteration 37, loss = 0.35945139
Model SGD Epoch: #37 Test accuracy: 0.8125
Iteration 38, loss = 0.35596918
Model SGD Epoch: #38 Test accuracy: 0.8105
Iteration 39, loss = 0.35279021
Model SGD Epoch: #39 Test accuracy: 0.8122
Iteration 40, loss = 0.34968825
Model SGD Epoch: #40 Test accuracy: 0.81045
Best Adam test set accuracy: {'best_acc': 0.89585} found at epoch #{'best_epoch': 40}
Best Aadam test set accuracy: {'best_acc': 0.89945} found at epoch #{'best_epoch': 37}
Best AdamW test set accuracy: {'best_acc': 0.89825} found at epoch #{'best_epoch': 39}
Best SGD test set accuracy: {'best_acc': 0.81445} found at epoch #{'best_epoch': 35}

Process finished with exit code 0
