NUM_EPOCHS = 40
TRAIN_SET_SIZE = 100000
Cover type
Regular
Test set - 20% of the size of TRAIN_SET_SIZE

/Users/oricohen/PycharmProjects/aadam/venv/bin/python "/Applications/PyCharm CE.app/Contents/plugins/python-ce/helpers/pydev/pydevd.py" --multiproc --qt-support=auto --client 127.0.0.1 --port 49284 --file /Users/oricohen/PycharmProjects/aadam/test.py
Connected to pydev debugger (build 211.7628.24)
Iteration 1, loss = 0.61428700
/Users/oricohen/PycharmProjects/aadam/venv/lib/python3.8/site-packages/scikit_learn-1.2.1-py3.8-macosx-10.12-x86_64.egg/sklearn/neural_network/_multilayer_perceptron.py:702: ConvergenceWarning: Stochastic Optimizer: Maximum iterations (1) reached and the optimization hasn't converged yet.
  warnings.warn(
Model Adam Epoch: #1 Test accuracy: 0.7624
Iteration 2, loss = 0.50494542
Model Adam Epoch: #2 Test accuracy: 0.79125
Iteration 3, loss = 0.44867283
Model Adam Epoch: #3 Test accuracy: 0.8115
Iteration 4, loss = 0.40821084
Model Adam Epoch: #4 Test accuracy: 0.8306
Iteration 5, loss = 0.37687439
Model Adam Epoch: #5 Test accuracy: 0.8421
Iteration 6, loss = 0.35204664
Model Adam Epoch: #6 Test accuracy: 0.85455
Iteration 7, loss = 0.33162216
Model Adam Epoch: #7 Test accuracy: 0.8627
Iteration 8, loss = 0.31456441
Model Adam Epoch: #8 Test accuracy: 0.86905
Iteration 9, loss = 0.30002252
Model Adam Epoch: #9 Test accuracy: 0.86735
Iteration 10, loss = 0.28846141
Model Adam Epoch: #10 Test accuracy: 0.8727
Iteration 11, loss = 0.27673568
Model Adam Epoch: #11 Test accuracy: 0.87475
Iteration 12, loss = 0.26747347
Model Adam Epoch: #12 Test accuracy: 0.877
Iteration 13, loss = 0.25864252
Model Adam Epoch: #13 Test accuracy: 0.87745
Iteration 14, loss = 0.25114726
Model Adam Epoch: #14 Test accuracy: 0.8797
Iteration 15, loss = 0.24395963
Model Adam Epoch: #15 Test accuracy: 0.87985
Iteration 16, loss = 0.23743456
Model Adam Epoch: #16 Test accuracy: 0.88285
Iteration 17, loss = 0.23136495
Model Adam Epoch: #17 Test accuracy: 0.88255
Iteration 18, loss = 0.22517833
Model Adam Epoch: #18 Test accuracy: 0.8848
Iteration 19, loss = 0.22053190
Model Adam Epoch: #19 Test accuracy: 0.88825
Iteration 20, loss = 0.21625491
Model Adam Epoch: #20 Test accuracy: 0.8878
Iteration 21, loss = 0.21075109
Model Adam Epoch: #21 Test accuracy: 0.8891
Iteration 22, loss = 0.20724134
Model Adam Epoch: #22 Test accuracy: 0.89065
Iteration 23, loss = 0.20233552
Model Adam Epoch: #23 Test accuracy: 0.8903
Iteration 24, loss = 0.19864888
Model Adam Epoch: #24 Test accuracy: 0.8908
Iteration 25, loss = 0.19711039
Model Adam Epoch: #25 Test accuracy: 0.88885
Iteration 26, loss = 0.19280050
Model Adam Epoch: #26 Test accuracy: 0.8906
Iteration 27, loss = 0.19028464
Model Adam Epoch: #27 Test accuracy: 0.8922
Iteration 28, loss = 0.18696647
Model Adam Epoch: #28 Test accuracy: 0.89435
Iteration 29, loss = 0.18377501
Model Adam Epoch: #29 Test accuracy: 0.8941
Iteration 30, loss = 0.18198323
Model Adam Epoch: #30 Test accuracy: 0.896
Iteration 31, loss = 0.17974497
Model Adam Epoch: #31 Test accuracy: 0.8983
Iteration 32, loss = 0.17857132
Model Adam Epoch: #32 Test accuracy: 0.89695
Iteration 33, loss = 0.17590240
Model Adam Epoch: #33 Test accuracy: 0.89665
Iteration 34, loss = 0.17401210
Model Adam Epoch: #34 Test accuracy: 0.8974
Iteration 35, loss = 0.17265875
Model Adam Epoch: #35 Test accuracy: 0.89565
Iteration 36, loss = 0.17305974
Model Adam Epoch: #36 Test accuracy: 0.89965
Iteration 37, loss = 0.16947586
Model Adam Epoch: #37 Test accuracy: 0.8994
Iteration 38, loss = 0.16653312
Model Adam Epoch: #38 Test accuracy: 0.89825
Iteration 39, loss = 0.16651998
Model Adam Epoch: #39 Test accuracy: 0.89835
Iteration 40, loss = 0.16357858
Model Adam Epoch: #40 Test accuracy: 0.8995
Iteration 1, loss = 0.62086093
/Users/oricohen/PycharmProjects/aadam/venv/lib/python3.8/site-packages/scikit_learn-1.2.1-py3.8-macosx-10.12-x86_64.egg/sklearn/neural_network/_multilayer_perceptron.py:702: ConvergenceWarning: Stochastic Optimizer: Maximum iterations (1) reached and the optimization hasn't converged yet.
  warnings.warn(
Model Aadam Epoch: #1 Test accuracy: 0.7638
Iteration 2, loss = 0.50811583
Model Aadam Epoch: #2 Test accuracy: 0.7922
Iteration 3, loss = 0.45178279
Model Aadam Epoch: #3 Test accuracy: 0.817
Iteration 4, loss = 0.41172091
Model Aadam Epoch: #4 Test accuracy: 0.8342
Iteration 5, loss = 0.38126535
Model Aadam Epoch: #5 Test accuracy: 0.847
Iteration 6, loss = 0.35666633
Model Aadam Epoch: #6 Test accuracy: 0.85475
Iteration 7, loss = 0.33627489
Model Aadam Epoch: #7 Test accuracy: 0.86
Iteration 8, loss = 0.31963333
Model Aadam Epoch: #8 Test accuracy: 0.86605
Iteration 9, loss = 0.30489440
Model Aadam Epoch: #9 Test accuracy: 0.86845
Iteration 10, loss = 0.29106694
Model Aadam Epoch: #10 Test accuracy: 0.874
Iteration 11, loss = 0.27931665
Model Aadam Epoch: #11 Test accuracy: 0.8741
Iteration 12, loss = 0.27010101
Model Aadam Epoch: #12 Test accuracy: 0.8777
Iteration 13, loss = 0.26119360
Model Aadam Epoch: #13 Test accuracy: 0.8772
Iteration 14, loss = 0.25234146
Model Aadam Epoch: #14 Test accuracy: 0.8822
Iteration 15, loss = 0.24447921
Model Aadam Epoch: #15 Test accuracy: 0.8822
Iteration 16, loss = 0.23688922
Model Aadam Epoch: #16 Test accuracy: 0.88285
Iteration 17, loss = 0.23158454
Model Aadam Epoch: #17 Test accuracy: 0.8844
Iteration 18, loss = 0.22510684
Model Aadam Epoch: #18 Test accuracy: 0.88765
Iteration 19, loss = 0.21989878
Model Aadam Epoch: #19 Test accuracy: 0.88625
Iteration 20, loss = 0.21414196
Model Aadam Epoch: #20 Test accuracy: 0.8888
Iteration 21, loss = 0.20963433
Model Aadam Epoch: #21 Test accuracy: 0.8874
Iteration 22, loss = 0.20547456
Model Aadam Epoch: #22 Test accuracy: 0.89135
Iteration 23, loss = 0.20134808
Model Aadam Epoch: #23 Test accuracy: 0.89205
Iteration 24, loss = 0.19756498
Model Aadam Epoch: #24 Test accuracy: 0.89205
Iteration 25, loss = 0.19324417
Model Aadam Epoch: #25 Test accuracy: 0.8932
Iteration 26, loss = 0.18960835
Model Aadam Epoch: #26 Test accuracy: 0.89215
Iteration 27, loss = 0.18685781
Model Aadam Epoch: #27 Test accuracy: 0.89355
Iteration 28, loss = 0.18378126
Model Aadam Epoch: #28 Test accuracy: 0.8935
Iteration 29, loss = 0.17997682
Model Aadam Epoch: #29 Test accuracy: 0.89535
Iteration 30, loss = 0.17669413
Model Aadam Epoch: #30 Test accuracy: 0.8954
Iteration 31, loss = 0.17583453
Model Aadam Epoch: #31 Test accuracy: 0.8943
Iteration 32, loss = 0.17523899
Model Aadam Epoch: #32 Test accuracy: 0.8943
Iteration 33, loss = 0.17122555
Model Aadam Epoch: #33 Test accuracy: 0.8969
Iteration 34, loss = 0.16917737
Model Aadam Epoch: #34 Test accuracy: 0.8968
Iteration 35, loss = 0.16765841
Model Aadam Epoch: #35 Test accuracy: 0.89525
Iteration 36, loss = 0.16686185
Model Aadam Epoch: #36 Test accuracy: 0.8973
Iteration 37, loss = 0.16359400
Model Aadam Epoch: #37 Test accuracy: 0.8972
Iteration 38, loss = 0.16156229
Model Aadam Epoch: #38 Test accuracy: 0.8965
Iteration 39, loss = 0.16039782
Model Aadam Epoch: #39 Test accuracy: 0.8951
Iteration 40, loss = 0.15998381
Model Aadam Epoch: #40 Test accuracy: 0.89445
Iteration 1, loss = 0.61428700
/Users/oricohen/PycharmProjects/aadam/venv/lib/python3.8/site-packages/scikit_learn-1.2.1-py3.8-macosx-10.12-x86_64.egg/sklearn/neural_network/_multilayer_perceptron.py:702: ConvergenceWarning: Stochastic Optimizer: Maximum iterations (1) reached and the optimization hasn't converged yet.
  warnings.warn(
Model AdamW Epoch: #1 Test accuracy: 0.7624
Iteration 2, loss = 0.50494542
Model AdamW Epoch: #2 Test accuracy: 0.79125
Iteration 3, loss = 0.44867283
Model AdamW Epoch: #3 Test accuracy: 0.8115
Iteration 4, loss = 0.40821084
Model AdamW Epoch: #4 Test accuracy: 0.8306
Iteration 5, loss = 0.37687439
Model AdamW Epoch: #5 Test accuracy: 0.8421
Iteration 6, loss = 0.35204664
Model AdamW Epoch: #6 Test accuracy: 0.85455
Iteration 7, loss = 0.33162216
Model AdamW Epoch: #7 Test accuracy: 0.8627
Iteration 8, loss = 0.31456441
Model AdamW Epoch: #8 Test accuracy: 0.86905
Iteration 9, loss = 0.30002252
Model AdamW Epoch: #9 Test accuracy: 0.86735
Iteration 10, loss = 0.28846141
Model AdamW Epoch: #10 Test accuracy: 0.8727
Iteration 11, loss = 0.27673568
Model AdamW Epoch: #11 Test accuracy: 0.87475
Iteration 12, loss = 0.26747347
Model AdamW Epoch: #12 Test accuracy: 0.877
Iteration 13, loss = 0.25864252
Model AdamW Epoch: #13 Test accuracy: 0.87745
Iteration 14, loss = 0.25114726
Model AdamW Epoch: #14 Test accuracy: 0.8797
Iteration 15, loss = 0.24395963
Model AdamW Epoch: #15 Test accuracy: 0.87985
Iteration 16, loss = 0.23743456
Model AdamW Epoch: #16 Test accuracy: 0.88285
Iteration 17, loss = 0.23136495
Model AdamW Epoch: #17 Test accuracy: 0.88255
Iteration 18, loss = 0.22517833
Model AdamW Epoch: #18 Test accuracy: 0.8848
Iteration 19, loss = 0.22053190
Model AdamW Epoch: #19 Test accuracy: 0.88825
Iteration 20, loss = 0.21625492
Model AdamW Epoch: #20 Test accuracy: 0.8878
Iteration 21, loss = 0.21113766
Model AdamW Epoch: #21 Test accuracy: 0.88915
Iteration 22, loss = 0.20584389
Model AdamW Epoch: #22 Test accuracy: 0.88885
Iteration 23, loss = 0.20231076
Model AdamW Epoch: #23 Test accuracy: 0.89255
Iteration 24, loss = 0.19927428
Model AdamW Epoch: #24 Test accuracy: 0.8922
Iteration 25, loss = 0.19676857
Model AdamW Epoch: #25 Test accuracy: 0.89035
Iteration 26, loss = 0.19345256
Model AdamW Epoch: #26 Test accuracy: 0.89235
Iteration 27, loss = 0.19003852
Model AdamW Epoch: #27 Test accuracy: 0.89575
Iteration 28, loss = 0.18754570
Model AdamW Epoch: #28 Test accuracy: 0.89605
Iteration 29, loss = 0.18523885
Model AdamW Epoch: #29 Test accuracy: 0.8921
Iteration 30, loss = 0.18368754
Model AdamW Epoch: #30 Test accuracy: 0.8924
Iteration 31, loss = 0.17950157
Model AdamW Epoch: #31 Test accuracy: 0.8968
Iteration 32, loss = 0.17947741
Model AdamW Epoch: #32 Test accuracy: 0.8961
Iteration 33, loss = 0.17637701
Model AdamW Epoch: #33 Test accuracy: 0.8977
Iteration 34, loss = 0.17333336
Model AdamW Epoch: #34 Test accuracy: 0.89775
Iteration 35, loss = 0.17259690
Model AdamW Epoch: #35 Test accuracy: 0.8985
Iteration 36, loss = 0.17136885
Model AdamW Epoch: #36 Test accuracy: 0.89875
Iteration 37, loss = 0.16838633
Model AdamW Epoch: #37 Test accuracy: 0.8999
Iteration 38, loss = 0.16731698
Model AdamW Epoch: #38 Test accuracy: 0.89765
Iteration 39, loss = 0.16590986
Model AdamW Epoch: #39 Test accuracy: 0.90065
Iteration 40, loss = 0.16309320
Model AdamW Epoch: #40 Test accuracy: 0.8997
Iteration 1, loss = 0.88583170
/Users/oricohen/PycharmProjects/aadam/venv/lib/python3.8/site-packages/scikit_learn-1.2.1-py3.8-macosx-10.12-x86_64.egg/sklearn/neural_network/_multilayer_perceptron.py:702: ConvergenceWarning: Stochastic Optimizer: Maximum iterations (1) reached and the optimization hasn't converged yet.
  warnings.warn(
Model SGD Epoch: #1 Test accuracy: 0.7181
Iteration 2, loss = 0.67620259
Model SGD Epoch: #2 Test accuracy: 0.73605
Iteration 3, loss = 0.64041510
Model SGD Epoch: #3 Test accuracy: 0.74405
Iteration 4, loss = 0.61854074
Model SGD Epoch: #4 Test accuracy: 0.7493
Iteration 5, loss = 0.60189049
Model SGD Epoch: #5 Test accuracy: 0.7539
Iteration 6, loss = 0.58795202
Model SGD Epoch: #6 Test accuracy: 0.75895
Iteration 7, loss = 0.57562088
Model SGD Epoch: #7 Test accuracy: 0.76355
Iteration 8, loss = 0.56441869
Model SGD Epoch: #8 Test accuracy: 0.76785
Iteration 9, loss = 0.55404495
Model SGD Epoch: #9 Test accuracy: 0.7714
Iteration 10, loss = 0.54429831
Model SGD Epoch: #10 Test accuracy: 0.7743
Iteration 11, loss = 0.53519000
Model SGD Epoch: #11 Test accuracy: 0.7774
Iteration 12, loss = 0.52657595
Model SGD Epoch: #12 Test accuracy: 0.78055
Iteration 13, loss = 0.51835963
Model SGD Epoch: #13 Test accuracy: 0.78315
Iteration 14, loss = 0.51065115
Model SGD Epoch: #14 Test accuracy: 0.7858
Iteration 15, loss = 0.50335522
Model SGD Epoch: #15 Test accuracy: 0.78755
Iteration 16, loss = 0.49633135
Model SGD Epoch: #16 Test accuracy: 0.78935
Iteration 17, loss = 0.48933877
Model SGD Epoch: #17 Test accuracy: 0.7927
Iteration 18, loss = 0.48268959
Model SGD Epoch: #18 Test accuracy: 0.7944
Iteration 19, loss = 0.47626902
Model SGD Epoch: #19 Test accuracy: 0.79705
Iteration 20, loss = 0.47006233
Model SGD Epoch: #20 Test accuracy: 0.8006
Iteration 21, loss = 0.46390337
Model SGD Epoch: #21 Test accuracy: 0.8036
Iteration 22, loss = 0.45786844
Model SGD Epoch: #22 Test accuracy: 0.80575
Iteration 23, loss = 0.45224349
Model SGD Epoch: #23 Test accuracy: 0.8078
Iteration 24, loss = 0.44658256
Model SGD Epoch: #24 Test accuracy: 0.809
Iteration 25, loss = 0.44152754
Model SGD Epoch: #25 Test accuracy: 0.8111
Iteration 26, loss = 0.43643865
Model SGD Epoch: #26 Test accuracy: 0.81205
Iteration 27, loss = 0.43147646
Model SGD Epoch: #27 Test accuracy: 0.81415
Iteration 28, loss = 0.42665375
Model SGD Epoch: #28 Test accuracy: 0.8154
Iteration 29, loss = 0.42208163
Model SGD Epoch: #29 Test accuracy: 0.8171
Iteration 30, loss = 0.41735226
Model SGD Epoch: #30 Test accuracy: 0.81835
Iteration 31, loss = 0.41292623
Model SGD Epoch: #31 Test accuracy: 0.819
Iteration 32, loss = 0.40899463
Model SGD Epoch: #32 Test accuracy: 0.8206
Iteration 33, loss = 0.40509027
Model SGD Epoch: #33 Test accuracy: 0.82195
Iteration 34, loss = 0.40074416
Model SGD Epoch: #34 Test accuracy: 0.82245
Iteration 35, loss = 0.39727232
Model SGD Epoch: #35 Test accuracy: 0.8232
Iteration 36, loss = 0.39340153
Model SGD Epoch: #36 Test accuracy: 0.82395
Iteration 37, loss = 0.39004008
Model SGD Epoch: #37 Test accuracy: 0.8254
Iteration 38, loss = 0.38740830
Model SGD Epoch: #38 Test accuracy: 0.82585
Iteration 39, loss = 0.38334751
Model SGD Epoch: #39 Test accuracy: 0.82565
Iteration 40, loss = 0.38016845
Model SGD Epoch: #40 Test accuracy: 0.8269
Best Adam test set accuracy: {'best_acc': 0.89965} found at epoch #{'best_epoch': 36}
Best Aadam test set accuracy: {'best_acc': 0.8973} found at epoch #{'best_epoch': 36}
Best AdamW test set accuracy: {'best_acc': 0.90065} found at epoch #{'best_epoch': 39}
Best SGD test set accuracy: {'best_acc': 0.8269} found at epoch #{'best_epoch': 40}

Process finished with exit code 0
