NUM_EPOCHS = 40
TRAIN_SET_SIZE = 100000
Cover type
Deep-fitted
Test set - 20% of the size of TRAIN_SET_SIZE

/Users/oricohen/PycharmProjects/aadam/venv/bin/python "/Applications/PyCharm CE.app/Contents/plugins/python-ce/helpers/pydev/pydevd.py" --multiproc --qt-support=auto --client 127.0.0.1 --port 49570 --file /Users/oricohen/PycharmProjects/aadam/test.py
Connected to pydev debugger (build 211.7628.24)
Iteration 1, loss = 0.62706347
/Users/oricohen/PycharmProjects/aadam/venv/lib/python3.8/site-packages/scikit_learn-1.2.1-py3.8-macosx-10.12-x86_64.egg/sklearn/neural_network/_multilayer_perceptron.py:702: ConvergenceWarning: Stochastic Optimizer: Maximum iterations (1) reached and the optimization hasn't converged yet.
  warnings.warn(
Model Adam Epoch: #1 Test accuracy: 0.74745
Iteration 2, loss = 0.50988889
Model Adam Epoch: #2 Test accuracy: 0.79875
Iteration 3, loss = 0.44211975
Model Adam Epoch: #3 Test accuracy: 0.83295
Iteration 4, loss = 0.39558575
Model Adam Epoch: #4 Test accuracy: 0.85005
Iteration 5, loss = 0.36042003
Model Adam Epoch: #5 Test accuracy: 0.85945
Iteration 6, loss = 0.33232686
Model Adam Epoch: #6 Test accuracy: 0.8683
Iteration 7, loss = 0.31223987
Model Adam Epoch: #7 Test accuracy: 0.86765
Iteration 8, loss = 0.29518891
Model Adam Epoch: #8 Test accuracy: 0.8697
Iteration 9, loss = 0.28252211
Model Adam Epoch: #9 Test accuracy: 0.8723
Iteration 10, loss = 0.26925629
Model Adam Epoch: #10 Test accuracy: 0.8759
Iteration 11, loss = 0.25956725
Model Adam Epoch: #11 Test accuracy: 0.87775
Iteration 12, loss = 0.25166376
Model Adam Epoch: #12 Test accuracy: 0.8865
Iteration 13, loss = 0.24379490
Model Adam Epoch: #13 Test accuracy: 0.8812
Iteration 14, loss = 0.23832527
Model Adam Epoch: #14 Test accuracy: 0.8852
Iteration 15, loss = 0.23214243
Model Adam Epoch: #15 Test accuracy: 0.8864
Iteration 16, loss = 0.22650345
Model Adam Epoch: #16 Test accuracy: 0.8922
Iteration 17, loss = 0.22062321
Model Adam Epoch: #17 Test accuracy: 0.88585
Iteration 18, loss = 0.21590385
Model Adam Epoch: #18 Test accuracy: 0.8902
Iteration 19, loss = 0.21199246
Model Adam Epoch: #19 Test accuracy: 0.89085
Iteration 20, loss = 0.20837366
Model Adam Epoch: #20 Test accuracy: 0.89405
Iteration 21, loss = 0.20419049
Model Adam Epoch: #21 Test accuracy: 0.89585
Iteration 22, loss = 0.20054291
Model Adam Epoch: #22 Test accuracy: 0.89285
Iteration 23, loss = 0.19829327
Model Adam Epoch: #23 Test accuracy: 0.89215
Iteration 24, loss = 0.19876004
Model Adam Epoch: #24 Test accuracy: 0.8964
Iteration 25, loss = 0.19613234
Model Adam Epoch: #25 Test accuracy: 0.8985
Iteration 26, loss = 0.19297082
Model Adam Epoch: #26 Test accuracy: 0.89735
Iteration 27, loss = 0.19267101
Model Adam Epoch: #27 Test accuracy: 0.901
Iteration 28, loss = 0.18916224
Model Adam Epoch: #28 Test accuracy: 0.9011
Iteration 29, loss = 0.18649677
Model Adam Epoch: #29 Test accuracy: 0.9021
Iteration 30, loss = 0.18498341
Model Adam Epoch: #30 Test accuracy: 0.8992
Iteration 31, loss = 0.18352100
Model Adam Epoch: #31 Test accuracy: 0.90115
Iteration 32, loss = 0.17914449
Model Adam Epoch: #32 Test accuracy: 0.90045
Iteration 33, loss = 0.17669031
Model Adam Epoch: #33 Test accuracy: 0.899
Iteration 34, loss = 0.17630777
Model Adam Epoch: #34 Test accuracy: 0.8978
Iteration 35, loss = 0.17680385
Model Adam Epoch: #35 Test accuracy: 0.9028
Iteration 36, loss = 0.17434366
Model Adam Epoch: #36 Test accuracy: 0.906
Iteration 37, loss = 0.17229773
Model Adam Epoch: #37 Test accuracy: 0.90515
Iteration 38, loss = 0.17392340
Model Adam Epoch: #38 Test accuracy: 0.9063
Iteration 39, loss = 0.17049644
Model Adam Epoch: #39 Test accuracy: 0.90135
Iteration 40, loss = 0.16717895
Model Adam Epoch: #40 Test accuracy: 0.9042
Iteration 1, loss = 0.63686820
/Users/oricohen/PycharmProjects/aadam/venv/lib/python3.8/site-packages/scikit_learn-1.2.1-py3.8-macosx-10.12-x86_64.egg/sklearn/neural_network/_multilayer_perceptron.py:702: ConvergenceWarning: Stochastic Optimizer: Maximum iterations (1) reached and the optimization hasn't converged yet.
  warnings.warn(
Model Aadam Epoch: #1 Test accuracy: 0.7621
Iteration 2, loss = 0.50826185
Model Aadam Epoch: #2 Test accuracy: 0.8055
Iteration 3, loss = 0.44398317
Model Aadam Epoch: #3 Test accuracy: 0.82695
Iteration 4, loss = 0.39847954
Model Aadam Epoch: #4 Test accuracy: 0.8452
Iteration 5, loss = 0.36090559
Model Aadam Epoch: #5 Test accuracy: 0.8559
Iteration 6, loss = 0.33313145
Model Aadam Epoch: #6 Test accuracy: 0.86655
Iteration 7, loss = 0.30926227
Model Aadam Epoch: #7 Test accuracy: 0.8642
Iteration 8, loss = 0.29053618
Model Aadam Epoch: #8 Test accuracy: 0.87605
Iteration 9, loss = 0.27467755
Model Aadam Epoch: #9 Test accuracy: 0.8766
Iteration 10, loss = 0.26098224
Model Aadam Epoch: #10 Test accuracy: 0.88235
Iteration 11, loss = 0.25212213
Model Aadam Epoch: #11 Test accuracy: 0.88315
Iteration 12, loss = 0.24115699
Model Aadam Epoch: #12 Test accuracy: 0.88115
Iteration 13, loss = 0.23434255
Model Aadam Epoch: #13 Test accuracy: 0.88385
Iteration 14, loss = 0.22739156
Model Aadam Epoch: #14 Test accuracy: 0.8889
Iteration 15, loss = 0.22143192
Model Aadam Epoch: #15 Test accuracy: 0.8861
Iteration 16, loss = 0.21630691
Model Aadam Epoch: #16 Test accuracy: 0.89175
Iteration 17, loss = 0.21156695
Model Aadam Epoch: #17 Test accuracy: 0.8924
Iteration 18, loss = 0.20740300
Model Aadam Epoch: #18 Test accuracy: 0.89285
Iteration 19, loss = 0.20317884
Model Aadam Epoch: #19 Test accuracy: 0.8922
Iteration 20, loss = 0.20064673
Model Aadam Epoch: #20 Test accuracy: 0.89235
Iteration 21, loss = 0.19979636
Model Aadam Epoch: #21 Test accuracy: 0.89945
Iteration 22, loss = 0.19480961
Model Aadam Epoch: #22 Test accuracy: 0.8949
Iteration 23, loss = 0.19103369
Model Aadam Epoch: #23 Test accuracy: 0.896
Iteration 24, loss = 0.18867545
Model Aadam Epoch: #24 Test accuracy: 0.89905
Iteration 25, loss = 0.18819746
Model Aadam Epoch: #25 Test accuracy: 0.89435
Iteration 26, loss = 0.18569446
Model Aadam Epoch: #26 Test accuracy: 0.89735
Iteration 27, loss = 0.18431983
Model Aadam Epoch: #27 Test accuracy: 0.89765
Iteration 28, loss = 0.18223063
Model Aadam Epoch: #28 Test accuracy: 0.8958
Iteration 29, loss = 0.18206014
Model Aadam Epoch: #29 Test accuracy: 0.90085
Iteration 30, loss = 0.18172280
Model Aadam Epoch: #30 Test accuracy: 0.9015
Iteration 31, loss = 0.17892977
Model Aadam Epoch: #31 Test accuracy: 0.90115
Iteration 32, loss = 0.17985199
Model Aadam Epoch: #32 Test accuracy: 0.8978
Iteration 33, loss = 0.17760400
Model Aadam Epoch: #33 Test accuracy: 0.9049
Iteration 34, loss = 0.17836164
Model Aadam Epoch: #34 Test accuracy: 0.9067
Iteration 35, loss = 0.17579024
Model Aadam Epoch: #35 Test accuracy: 0.90275
Iteration 36, loss = 0.17574913
Model Aadam Epoch: #36 Test accuracy: 0.9059
Iteration 37, loss = 0.17521364
Model Aadam Epoch: #37 Test accuracy: 0.9036
Iteration 38, loss = 0.17423057
Model Aadam Epoch: #38 Test accuracy: 0.90555
Iteration 39, loss = 0.17322513
Model Aadam Epoch: #39 Test accuracy: 0.9078
Iteration 40, loss = 0.17352853
Model Aadam Epoch: #40 Test accuracy: 0.9055
Iteration 1, loss = 0.62706347
/Users/oricohen/PycharmProjects/aadam/venv/lib/python3.8/site-packages/scikit_learn-1.2.1-py3.8-macosx-10.12-x86_64.egg/sklearn/neural_network/_multilayer_perceptron.py:702: ConvergenceWarning: Stochastic Optimizer: Maximum iterations (1) reached and the optimization hasn't converged yet.
  warnings.warn(
Model AdamW Epoch: #1 Test accuracy: 0.74745
Iteration 2, loss = 0.50988889
Model AdamW Epoch: #2 Test accuracy: 0.79875
Iteration 3, loss = 0.44211975
Model AdamW Epoch: #3 Test accuracy: 0.83295
Iteration 4, loss = 0.39558575
Model AdamW Epoch: #4 Test accuracy: 0.85005
Iteration 5, loss = 0.36014157
Model AdamW Epoch: #5 Test accuracy: 0.8603
Iteration 6, loss = 0.33285590
Model AdamW Epoch: #6 Test accuracy: 0.86905
Iteration 7, loss = 0.31159416
Model AdamW Epoch: #7 Test accuracy: 0.86995
Iteration 8, loss = 0.29589500
Model AdamW Epoch: #8 Test accuracy: 0.87505
Iteration 9, loss = 0.28153995
Model AdamW Epoch: #9 Test accuracy: 0.88065
Iteration 10, loss = 0.26921554
Model AdamW Epoch: #10 Test accuracy: 0.8844
Iteration 11, loss = 0.25991294
Model AdamW Epoch: #11 Test accuracy: 0.8843
Iteration 12, loss = 0.25093473
Model AdamW Epoch: #12 Test accuracy: 0.88815
Iteration 13, loss = 0.24276307
Model AdamW Epoch: #13 Test accuracy: 0.8903
Iteration 14, loss = 0.23891266
Model AdamW Epoch: #14 Test accuracy: 0.88795
Iteration 15, loss = 0.23240193
Model AdamW Epoch: #15 Test accuracy: 0.891
Iteration 16, loss = 0.22513540
Model AdamW Epoch: #16 Test accuracy: 0.89315
Iteration 17, loss = 0.22285299
Model AdamW Epoch: #17 Test accuracy: 0.89165
Iteration 18, loss = 0.21507518
Model AdamW Epoch: #18 Test accuracy: 0.89125
Iteration 19, loss = 0.21287538
Model AdamW Epoch: #19 Test accuracy: 0.89455
Iteration 20, loss = 0.20965554
Model AdamW Epoch: #20 Test accuracy: 0.89795
Iteration 21, loss = 0.20419618
Model AdamW Epoch: #21 Test accuracy: 0.89765
Iteration 22, loss = 0.20195601
Model AdamW Epoch: #22 Test accuracy: 0.8994
Iteration 23, loss = 0.19978118
Model AdamW Epoch: #23 Test accuracy: 0.89675
Iteration 24, loss = 0.19849536
Model AdamW Epoch: #24 Test accuracy: 0.8962
Iteration 25, loss = 0.19575372
Model AdamW Epoch: #25 Test accuracy: 0.89295
Iteration 26, loss = 0.19216809
Model AdamW Epoch: #26 Test accuracy: 0.9013
Iteration 27, loss = 0.19034260
Model AdamW Epoch: #27 Test accuracy: 0.8995
Iteration 28, loss = 0.18818874
Model AdamW Epoch: #28 Test accuracy: 0.8973
Iteration 29, loss = 0.18788217
Model AdamW Epoch: #29 Test accuracy: 0.90055
Iteration 30, loss = 0.18562908
Model AdamW Epoch: #30 Test accuracy: 0.89915
Iteration 31, loss = 0.18288543
Model AdamW Epoch: #31 Test accuracy: 0.89935
Iteration 32, loss = 0.18154247
Model AdamW Epoch: #32 Test accuracy: 0.9021
Iteration 33, loss = 0.17865215
Model AdamW Epoch: #33 Test accuracy: 0.90355
Iteration 34, loss = 0.17639999
Model AdamW Epoch: #34 Test accuracy: 0.90255
Iteration 35, loss = 0.17620391
Model AdamW Epoch: #35 Test accuracy: 0.9
Iteration 36, loss = 0.17631904
Model AdamW Epoch: #36 Test accuracy: 0.9045
Iteration 37, loss = 0.17363144
Model AdamW Epoch: #37 Test accuracy: 0.90085
Iteration 38, loss = 0.17061470
Model AdamW Epoch: #38 Test accuracy: 0.9037
Iteration 39, loss = 0.16957879
Model AdamW Epoch: #39 Test accuracy: 0.90915
Iteration 40, loss = 0.16790072
Model AdamW Epoch: #40 Test accuracy: 0.9052
Iteration 1, loss = 0.93472552
/Users/oricohen/PycharmProjects/aadam/venv/lib/python3.8/site-packages/scikit_learn-1.2.1-py3.8-macosx-10.12-x86_64.egg/sklearn/neural_network/_multilayer_perceptron.py:702: ConvergenceWarning: Stochastic Optimizer: Maximum iterations (1) reached and the optimization hasn't converged yet.
  warnings.warn(
Model SGD Epoch: #1 Test accuracy: 0.7261
Iteration 2, loss = 0.66080935
Model SGD Epoch: #2 Test accuracy: 0.74395
Iteration 3, loss = 0.61719784
Model SGD Epoch: #3 Test accuracy: 0.7533
Iteration 4, loss = 0.58817483
Model SGD Epoch: #4 Test accuracy: 0.76065
Iteration 5, loss = 0.56433067
Model SGD Epoch: #5 Test accuracy: 0.7668
Iteration 6, loss = 0.54332138
Model SGD Epoch: #6 Test accuracy: 0.7668
Iteration 7, loss = 0.52479046
Model SGD Epoch: #7 Test accuracy: 0.7679
Iteration 8, loss = 0.50869258
Model SGD Epoch: #8 Test accuracy: 0.769
Iteration 9, loss = 0.49429261
Model SGD Epoch: #9 Test accuracy: 0.77145
Iteration 10, loss = 0.48148834
Model SGD Epoch: #10 Test accuracy: 0.7757
Iteration 11, loss = 0.46933870
Model SGD Epoch: #11 Test accuracy: 0.7787
Iteration 12, loss = 0.45811803
Model SGD Epoch: #12 Test accuracy: 0.7812
Iteration 13, loss = 0.44785068
Model SGD Epoch: #13 Test accuracy: 0.7835
Iteration 14, loss = 0.43862636
Model SGD Epoch: #14 Test accuracy: 0.7858
Iteration 15, loss = 0.43005925
Model SGD Epoch: #15 Test accuracy: 0.786
Iteration 16, loss = 0.42168745
Model SGD Epoch: #16 Test accuracy: 0.7909
Iteration 17, loss = 0.41357764
Model SGD Epoch: #17 Test accuracy: 0.79725
Iteration 18, loss = 0.40603639
Model SGD Epoch: #18 Test accuracy: 0.80145
Iteration 19, loss = 0.39908961
Model SGD Epoch: #19 Test accuracy: 0.80545
Iteration 20, loss = 0.39230050
Model SGD Epoch: #20 Test accuracy: 0.80885
Iteration 21, loss = 0.38577314
Model SGD Epoch: #21 Test accuracy: 0.8096
Iteration 22, loss = 0.37936598
Model SGD Epoch: #22 Test accuracy: 0.8123
Iteration 23, loss = 0.37338059
Model SGD Epoch: #23 Test accuracy: 0.8133
Iteration 24, loss = 0.36738686
Model SGD Epoch: #24 Test accuracy: 0.8147
Iteration 25, loss = 0.36212761
Model SGD Epoch: #25 Test accuracy: 0.81765
Iteration 26, loss = 0.35682991
Model SGD Epoch: #26 Test accuracy: 0.81915
Iteration 27, loss = 0.35181425
Model SGD Epoch: #27 Test accuracy: 0.8213
Iteration 28, loss = 0.34675059
Model SGD Epoch: #28 Test accuracy: 0.82275
Iteration 29, loss = 0.34204100
Model SGD Epoch: #29 Test accuracy: 0.824
Iteration 30, loss = 0.33731503
Model SGD Epoch: #30 Test accuracy: 0.8279
Iteration 31, loss = 0.33320259
Model SGD Epoch: #31 Test accuracy: 0.83105
Iteration 32, loss = 0.32880347
Model SGD Epoch: #32 Test accuracy: 0.8316
Iteration 33, loss = 0.32468644
Model SGD Epoch: #33 Test accuracy: 0.8308
Iteration 34, loss = 0.32080105
Model SGD Epoch: #34 Test accuracy: 0.83455
Iteration 35, loss = 0.31684425
Model SGD Epoch: #35 Test accuracy: 0.83595
Iteration 36, loss = 0.31304534
Model SGD Epoch: #36 Test accuracy: 0.8372
Iteration 37, loss = 0.30928131
Model SGD Epoch: #37 Test accuracy: 0.8367
Iteration 38, loss = 0.30587662
Model SGD Epoch: #38 Test accuracy: 0.83765
Iteration 39, loss = 0.30225409
Model SGD Epoch: #39 Test accuracy: 0.83865
Iteration 40, loss = 0.29862700
Model SGD Epoch: #40 Test accuracy: 0.8406
Best Adam test set accuracy: {'best_acc': 0.9063} found at epoch #{'best_epoch': 38}
Best Aadam test set accuracy: {'best_acc': 0.9078} found at epoch #{'best_epoch': 39}
Best AdamW test set accuracy: {'best_acc': 0.90915} found at epoch #{'best_epoch': 39}
Best SGD test set accuracy: {'best_acc': 0.8406} found at epoch #{'best_epoch': 40}

Process finished with exit code 0
